[20May2025 00:01:18.072] [Server thread/INFO] [net.minecraft.server.MinecraftServer/]: skaterJC420 has reached the goal [The Demonomicon]
[20May2025 00:03:01.576] [Server thread/INFO] [net.minecraft.server.MinecraftServer/]: skaterJC420 has made the advancement [Acquire Hardware]
[20May2025 00:05:16.228] [Server thread/INFO] [net.minecraft.server.MinecraftServer/]: skaterJC420 has made the advancement [Monster Hunter]
[20May2025 00:05:28.923] [Server thread/INFO] [net.minecraft.server.MinecraftServer/]: skaterJC420 has made the advancement [Not Today, Thank You]
[20May2025 00:09:53.156] [Worker-Main-1/ERROR] [net.minecraft.world.entity.decoration.HangingEntity/]: Hanging entity at invalid position: BlockPos{x=1517, y=82, z=743}
[20May2025 00:19:30.544] [Server thread/INFO] [net.minecraft.server.MinecraftServer/]: skaterJC420 has made the advancement [Isn't It Iron Pick]
[20May2025 00:26:40.088] [Server thread/INFO] [net.minecraft.server.MinecraftServer/]: skaterJC420 has made the advancement [Suit Up]
[20May2025 00:27:34.574] [Server thread/INFO] [net.minecraft.server.MinecraftServer/]: skaterJC420 has made the advancement [Good Demoman]
[20May2025 00:42:41.384] [Server thread/INFO] [net.minecraft.server.players.PlayerList/]: William_Aftom[/127.89.176.199:37977] logged in with entity id 8472 at (-275.5, 63.0, 86.5)
[20May2025 00:42:41.406] [Server thread/INFO] [net.minecraft.server.MinecraftServer/]: William_Aftom joined the game
[20May2025 00:42:41.441] [Server thread/INFO] [xaero.pac.OpenPartiesAndClaims/]: Updating all forceload tickets for ed1a11c3-0386-3eef-afeb-ec22cadb65e3
[20May2025 00:42:41.470] [Server thread/INFO] [Jade/]: Syncing config to William_Aftom (ed1a11c3-0386-3eef-afeb-ec22cadb65e3)
[20May2025 00:42:53.630] [Server thread/INFO] [voicechat/]: [voicechat] Received secret request of William_Aftom (18)
[20May2025 00:42:53.631] [Server thread/INFO] [voicechat/]: [voicechat] Sent secret to William_Aftom
[20May2025 00:45:46.466] [Server thread/WARN] [net.minecraft.server.level.ServerLevel/]: Tried to add entity boh:deer but it was marked as removed already
[20May2025 00:48:02.381] [Server thread/INFO] [net.minecraft.server.MinecraftServer/]: William_Aftom has made the advancement [Stone Age]
[20May2025 00:48:20.480] [Server thread/INFO] [net.minecraft.server.MinecraftServer/]: William_Aftom has made the advancement [Getting an Upgrade]
[20May2025 00:49:41.730] [Server thread/INFO] [net.minecraft.server.MinecraftServer/]: skaterJC420 has made the advancement [Gravedigger]
[20May2025 00:50:05.377] [Server thread/INFO] [net.minecraft.server.MinecraftServer/]: William_Aftom has made the advancement [Gravedigger]
[20May2025 00:51:11.631] [Server thread/INFO] [net.minecraft.server.MinecraftServer/]: skaterJC420 has made the advancement [Best Friends Forever]
[20May2025 00:51:25.312] [Server thread/INFO] [net.minecraft.server.MinecraftServer/]: William_Aftom has made the advancement [Monster Hunter]
[20May2025 00:52:05.065] [Server thread/WARN] [net.minecraft.server.level.ServerLevel/]: Tried to add entity boh:deer but it was marked as removed already
[20May2025 00:52:19.621] [Server thread/INFO] [net.minecraft.server.MinecraftServer/]: William_Aftom was slain by Cave Spider
[20May2025 00:53:04.582] [Server thread/INFO] [net.minecraft.server.MinecraftServer/]: skaterJC420 has made the advancement [Crops of the Wild]
[20May2025 00:54:41.167] [Server thread/INFO] [net.minecraft.server.MinecraftServer/]: William_Aftom has made the advancement [Cobweb Entanglement]
[20May2025 00:55:26.786] [pool-8-thread-1/INFO] [Supplementaries/]: Searching for closest structure among [ResourceKey[minecraft:worldgen/structure / minecraft:village_plains], ResourceKey[minecraft:worldgen/structure / minecraft:village_savanna], ResourceKey[minecraft:worldgen/structure / minecraft:village_taiga], ResourceKey[minecraft:worldgen/structure / minecraft:village_snowy], ResourceKey[minecraft:worldgen/structure / minecraft:village_desert]] from pos BlockPos{x=-587, y=68, z=101}
[20May2025 00:55:28.080] [Server thread/WARN] [net.minecraft.world.level.chunk.LevelChunk/]: Tried to load a DUMMY block entity @ BlockPos{x=-586, y=68, z=101} but found not block entity block Block{minecraft:spruce_fence}[east=false,north=false,south=false,waterlogged=false,west=true] at location
[20May2025 00:55:28.080] [Server thread/WARN] [net.minecraft.world.level.chunk.LevelChunk/]: Tried to load a block entity for block Block{minecraft:spruce_fence}[east=false,north=false,south=false,waterlogged=false,west=true] but failed at location BlockPos{x=-586, y=68, z=101}
[20May2025 00:55:28.081] [Server thread/WARN] [net.minecraft.world.level.chunk.LevelChunk/]: Tried to load a DUMMY block entity @ BlockPos{x=-587, y=68, z=101} but found not block entity block Block{minecraft:spruce_fence}[east=true,north=false,south=false,waterlogged=false,west=false] at location
[20May2025 00:55:28.081] [Server thread/WARN] [net.minecraft.world.level.chunk.LevelChunk/]: Tried to load a block entity for block Block{minecraft:spruce_fence}[east=true,north=false,south=false,waterlogged=false,west=false] but failed at location BlockPos{x=-587, y=68, z=101}
[20May2025 00:55:28.081] [Server thread/WARN] [net.minecraft.world.level.chunk.LevelChunk/]: Tried to load a DUMMY block entity @ BlockPos{x=-586, y=67, z=101} but found not block entity block Block{minecraft:lantern}[hanging=true,waterlogged=false] at location
[20May2025 00:55:28.081] [Server thread/WARN] [net.minecraft.world.level.chunk.LevelChunk/]: Tried to load a block entity for block Block{minecraft:lantern}[hanging=true,waterlogged=false] but failed at location BlockPos{x=-586, y=67, z=101}
[20May2025 00:55:46.580] [Server thread/INFO] [net.minecraft.server.MinecraftServer/]: William_Aftom has reached the goal [The Demonomicon]
[20May2025 00:58:24.187] [Server thread/INFO] [net.minecraft.server.MinecraftServer/]: William_Aftom has made the advancement [This Must be a Sign!]
[20May2025 00:58:25.103] [Server thread/WARN] [net.minecraft.world.level.chunk.LevelChunk/]: Tried to load a DUMMY block entity @ BlockPos{x=-743, y=87, z=30} but found not block entity block Block{minecraft:air} at location
[20May2025 00:58:25.103] [Server thread/WARN] [net.minecraft.world.level.chunk.LevelChunk/]: Tried to load a block entity for block Block{minecraft:air} but failed at location BlockPos{x=-743, y=87, z=30}
[20May2025 00:58:42.698] [Worker-Main-19/ERROR] [net.minecraft.world.entity.decoration.HangingEntity/]: Hanging entity at invalid position: BlockPos{x=278, y=-42, z=-77}
[20May2025 00:58:53.631] [Server thread/INFO] [net.minecraft.server.MinecraftServer/]: William_Aftom was slain by Corpse Fly
[20May2025 01:01:06.610] [Server thread/WARN] [net.minecraft.world.level.chunk.LevelChunk/]: Tried to load a DUMMY block entity @ BlockPos{x=-778, y=89, z=4} but found not block entity block Block{minecraft:air} at location
[20May2025 01:01:06.610] [Server thread/WARN] [net.minecraft.world.level.chunk.LevelChunk/]: Tried to load a block entity for block Block{minecraft:air} but failed at location BlockPos{x=-778, y=89, z=4}
[20May2025 01:01:17.285] [Server thread/INFO] [net.minecraft.server.MinecraftServer/]: William_Aftom was slain by Dread Hound
[20May2025 01:02:11.255] [Server thread/WARN] [net.minecraft.server.MinecraftServer/]: Can't keep up! Is the server overloaded? Running 4792ms or 95 ticks behind
[20May2025 01:02:14.261] [Server thread/WARN] [net.minecraft.world.level.chunk.LevelChunk/]: Tried to load a DUMMY block entity @ BlockPos{x=-1204, y=65, z=-778} but found not block entity block Block{minecraft:air} at location
[20May2025 01:02:14.262] [Server thread/WARN] [net.minecraft.world.level.chunk.LevelChunk/]: Tried to load a block entity for block Block{minecraft:air} but failed at location BlockPos{x=-1204, y=65, z=-778}
[20May2025 01:02:15.552] [Server thread/INFO] [net.minecraft.server.MinecraftServer/]: William_Aftom was slain by Zombie
[20May2025 01:02:36.919] [Server thread/INFO] [net.minecraft.server.MinecraftServer/]: William_Aftom was slain by Zombie
[20May2025 01:03:04.767] [Server thread/INFO] [net.minecraft.server.MinecraftServer/]: William_Aftom was slain by Zombie
[20May2025 01:03:07.321] [Server thread/INFO] [net.minecraft.server.network.ServerGamePacketListenerImpl/]: skaterJC420 lost connection: Disconnected
[20May2025 01:03:07.322] [Server thread/INFO] [net.minecraft.server.MinecraftServer/]: skaterJC420 left the game
[20May2025 01:03:07.323] [Server thread/INFO] [xaero.pac.OpenPartiesAndClaims/]: Updating all forceload tickets for bd904461-c221-3bb3-9829-8f50e67b790e
[20May2025 01:03:07.326] [Server thread/INFO] [voicechat/]: [voicechat] Disconnecting client skaterJC420
[20May2025 01:03:16.265] [Server thread/INFO] [net.minecraft.server.players.PlayerList/]: skaterJC420[/127.216.102.17:37115] logged in with entity id 19342 at (21.641553625892442, 65.0, 39.69999998807907)
[20May2025 01:03:16.284] [Server thread/INFO] [net.minecraft.server.MinecraftServer/]: skaterJC420 joined the game
[20May2025 01:03:16.304] [Server thread/INFO] [xaero.pac.OpenPartiesAndClaims/]: Updating all forceload tickets for bd904461-c221-3bb3-9829-8f50e67b790e
[20May2025 01:03:16.316] [Server thread/INFO] [Jade/]: Syncing config to skaterJC420 (bd904461-c221-3bb3-9829-8f50e67b790e)
[20May2025 01:03:16.681] [Server thread/INFO] [voicechat/]: [voicechat] Received secret request of skaterJC420 (18)
[20May2025 01:03:16.682] [Server thread/INFO] [voicechat/]: [voicechat] Sent secret to skaterJC420
[20May2025 01:03:28.071] [Server thread/INFO] [net.minecraft.server.MinecraftServer/]: William_Aftom was blown up by Skeleton Creeper
[20May2025 01:03:39.072] [Server thread/INFO] [net.minecraft.server.network.ServerGamePacketListenerImpl/]: William_Aftom lost connection: Disconnected
[20May2025 01:03:39.073] [Server thread/INFO] [net.minecraft.server.MinecraftServer/]: William_Aftom left the game
[20May2025 01:03:39.074] [Server thread/INFO] [xaero.pac.OpenPartiesAndClaims/]: Updating all forceload tickets for ed1a11c3-0386-3eef-afeb-ec22cadb65e3
[20May2025 01:03:39.074] [Server thread/INFO] [voicechat/]: [voicechat] Disconnecting client William_Aftom
[20May2025 01:04:11.584] [Server thread/INFO] [net.minecraft.server.players.PlayerList/]: William_Aftom[/127.89.176.199:44515] logged in with entity id 19525 at (-277.27774812419506, 63.0, 96.87053784377565)
[20May2025 01:04:11.601] [Server thread/INFO] [net.minecraft.server.MinecraftServer/]: William_Aftom joined the game
[20May2025 01:04:11.633] [Server thread/INFO] [xaero.pac.OpenPartiesAndClaims/]: Updating all forceload tickets for ed1a11c3-0386-3eef-afeb-ec22cadb65e3
[20May2025 01:04:11.647] [Server thread/INFO] [Jade/]: Syncing config to William_Aftom (ed1a11c3-0386-3eef-afeb-ec22cadb65e3)
[20May2025 01:04:11.906] [Server thread/INFO] [voicechat/]: [voicechat] Received secret request of William_Aftom (18)
[20May2025 01:04:11.906] [Server thread/INFO] [voicechat/]: [voicechat] Sent secret to William_Aftom
[20May2025 01:04:19.617] [Server thread/INFO] [net.minecraft.server.MinecraftServer/]: William_Aftom was slain by Drowned
